<?xml version="1.0" encoding="UTF-8"?>
<coverage generated="1749430141">
  <project timestamp="1749430141">
    <package name="App\Console\Commands">
      <file name="/Users/masoud/Sites/lifehub/app/Console/Commands/RotatePasswordEncryptionKeys.php">
        <class name="App\Console\Commands\RotatePasswordEncryptionKeys" namespace="App\Console\Commands">
          <metrics complexity="10" methods="3" coveredmethods="3" conditionals="0" coveredconditionals="0" statements="64" coveredstatements="64" elements="67" coveredelements="67"/>
        </class>
        <line num="32" type="method" name="__construct" visibility="public" complexity="1" crap="1" count="9"/>
        <line num="34" type="stmt" count="9"/>
        <line num="35" type="stmt" count="9"/>
        <line num="41" type="method" name="handle" visibility="public" complexity="8" crap="8" count="8"/>
        <line num="43" type="stmt" count="8"/>
        <line num="44" type="stmt" count="8"/>
        <line num="45" type="stmt" count="8"/>
        <line num="46" type="stmt" count="8"/>
        <line num="48" type="stmt" count="8"/>
        <line num="49" type="stmt" count="8"/>
        <line num="52" type="stmt" count="8"/>
        <line num="54" type="stmt" count="8"/>
        <line num="55" type="stmt" count="1"/>
        <line num="56" type="stmt" count="1"/>
        <line num="59" type="stmt" count="7"/>
        <line num="60" type="stmt" count="7"/>
        <line num="63" type="stmt" count="8"/>
        <line num="65" type="stmt" count="8"/>
        <line num="67" type="stmt" count="8"/>
        <line num="68" type="stmt" count="1"/>
        <line num="70" type="stmt" count="1"/>
        <line num="73" type="stmt" count="7"/>
        <line num="75" type="stmt" count="7"/>
        <line num="76" type="stmt" count="1"/>
        <line num="78" type="stmt" count="1"/>
        <line num="81" type="stmt" count="6"/>
        <line num="82" type="stmt" count="1"/>
        <line num="84" type="stmt" count="1"/>
        <line num="87" type="stmt" count="5"/>
        <line num="88" type="stmt" count="5"/>
        <line num="90" type="stmt" count="5"/>
        <line num="91" type="stmt" count="5"/>
        <line num="94" type="stmt" count="5"/>
        <line num="95" type="stmt" count="5"/>
        <line num="96" type="stmt" count="5"/>
        <line num="98" type="stmt" count="5"/>
        <line num="99" type="stmt" count="4"/>
        <line num="100" type="stmt" count="1"/>
        <line num="101" type="stmt" count="1"/>
        <line num="102" type="stmt" count="1"/>
        <line num="103" type="stmt" count="1"/>
        <line num="106" type="stmt" count="5"/>
        <line num="108" type="stmt" count="5"/>
        <line num="109" type="stmt" count="5"/>
        <line num="111" type="stmt" count="5"/>
        <line num="112" type="stmt" count="5"/>
        <line num="114" type="stmt" count="5"/>
        <line num="115" type="stmt" count="5"/>
        <line num="117" type="stmt" count="5"/>
        <line num="118" type="stmt" count="1"/>
        <line num="120" type="stmt" count="1"/>
        <line num="123" type="stmt" count="4"/>
        <line num="129" type="method" name="rotatePasswordKey" visibility="protected" complexity="1" crap="1" count="5"/>
        <line num="132" type="stmt" count="5"/>
        <line num="133" type="stmt" count="5"/>
        <line num="136" type="stmt" count="5"/>
        <line num="137" type="stmt" count="5"/>
        <line num="138" type="stmt" count="5"/>
        <line num="139" type="stmt" count="5"/>
        <line num="140" type="stmt" count="5"/>
        <line num="141" type="stmt" count="5"/>
        <line num="144" type="stmt" count="4"/>
        <line num="145" type="stmt" count="4"/>
        <line num="146" type="stmt" count="4"/>
        <line num="147" type="stmt" count="4"/>
        <line num="148" type="stmt" count="4"/>
        <line num="149" type="stmt" count="4"/>
        <metrics loc="152" ncloc="130" classes="1" methods="3" coveredmethods="3" conditionals="0" coveredconditionals="0" statements="64" coveredstatements="64" elements="67" coveredelements="67"/>
      </file>
    </package>
    <package name="App\Enums">
      <file name="/Users/masoud/Sites/lifehub/app/Enums/PasswordTypes.php">
        <class name="App\Enums\PasswordTypes" namespace="App\Enums">
          <metrics complexity="1" methods="1" coveredmethods="1" conditionals="0" coveredconditionals="0" statements="4" coveredstatements="4" elements="5" coveredelements="5"/>
        </class>
        <line num="10" type="method" name="values" visibility="public" complexity="1" crap="1" count="48"/>
        <line num="12" type="stmt" count="48"/>
        <line num="13" type="stmt" count="48"/>
        <line num="14" type="stmt" count="48"/>
        <line num="15" type="stmt" count="48"/>
        <metrics loc="18" ncloc="18" classes="1" methods="1" coveredmethods="1" conditionals="0" coveredconditionals="0" statements="4" coveredstatements="4" elements="5" coveredelements="5"/>
      </file>
    </package>
    <package name="App\Http\Controllers\API">
      <file name="/Users/masoud/Sites/lifehub/app/Http/Controllers/API/FolderController.php">
        <class name="App\Http\Controllers\API\FolderController" namespace="App\Http\Controllers\API">
          <metrics complexity="3" methods="3" coveredmethods="3" conditionals="0" coveredconditionals="0" statements="9" coveredstatements="9" elements="12" coveredelements="12"/>
        </class>
        <line num="11" type="method" name="__construct" visibility="public" complexity="1" crap="1" count="6"/>
        <line num="13" type="stmt" count="6"/>
        <line num="18" type="method" name="index" visibility="public" complexity="1" crap="1" count="3"/>
        <line num="20" type="stmt" count="3"/>
        <line num="22" type="stmt" count="3"/>
        <line num="28" type="method" name="store" visibility="public" complexity="1" crap="1" count="1"/>
        <line num="30" type="stmt" count="1"/>
        <line num="32" type="stmt" count="1"/>
        <line num="33" type="stmt" count="1"/>
        <line num="34" type="stmt" count="1"/>
        <line num="35" type="stmt" count="1"/>
        <line num="36" type="stmt" count="1"/>
        <metrics loc="39" ncloc="33" classes="1" methods="3" coveredmethods="3" conditionals="0" coveredconditionals="0" statements="9" coveredstatements="9" elements="12" coveredelements="12"/>
      </file>
    </package>
    <package name="App\Http\Controllers">
      <file name="/Users/masoud/Sites/lifehub/app/Http/Controllers/AuditLogController.php">
        <class name="App\Http\Controllers\AuditLogController" namespace="App\Http\Controllers">
          <metrics complexity="2" methods="2" coveredmethods="2" conditionals="0" coveredconditionals="0" statements="25" coveredstatements="25" elements="27" coveredelements="27"/>
        </class>
        <line num="10" type="method" name="__construct" visibility="public" complexity="1" crap="1" count="14"/>
        <line num="12" type="stmt" count="14"/>
        <line num="17" type="method" name="index" visibility="public" complexity="1" crap="1" count="11"/>
        <line num="19" type="stmt" count="11"/>
        <line num="20" type="stmt" count="11"/>
        <line num="22" type="stmt" count="11"/>
        <line num="23" type="stmt" count="11"/>
        <line num="24" type="stmt" count="11"/>
        <line num="25" type="stmt" count="11"/>
        <line num="26" type="stmt" count="11"/>
        <line num="27" type="stmt" count="11"/>
        <line num="29" type="stmt" count="11"/>
        <line num="30" type="stmt" count="11"/>
        <line num="31" type="stmt" count="11"/>
        <line num="32" type="stmt" count="11"/>
        <line num="33" type="stmt" count="11"/>
        <line num="34" type="stmt" count="11"/>
        <line num="35" type="stmt" count="11"/>
        <line num="36" type="stmt" count="11"/>
        <line num="37" type="stmt" count="11"/>
        <line num="38" type="stmt" count="11"/>
        <line num="40" type="stmt" count="11"/>
        <line num="41" type="stmt" count="11"/>
        <line num="42" type="stmt" count="11"/>
        <line num="43" type="stmt" count="11"/>
        <line num="44" type="stmt" count="11"/>
        <line num="45" type="stmt" count="11"/>
        <metrics loc="48" ncloc="45" classes="1" methods="2" coveredmethods="2" conditionals="0" coveredconditionals="0" statements="25" coveredstatements="25" elements="27" coveredelements="27"/>
      </file>
      <file name="/Users/masoud/Sites/lifehub/app/Http/Controllers/Controller.php">
        <class name="App\Http\Controllers\Controller" namespace="App\Http\Controllers">
          <metrics complexity="0" methods="0" coveredmethods="0" conditionals="0" coveredconditionals="0" statements="0" coveredstatements="0" elements="0" coveredelements="0"/>
        </class>
        <metrics loc="11" ncloc="11" classes="0" methods="0" coveredmethods="0" conditionals="0" coveredconditionals="0" statements="0" coveredstatements="0" elements="0" coveredelements="0"/>
      </file>
      <file name="/Users/masoud/Sites/lifehub/app/Http/Controllers/FolderController.php">
        <class name="App\Http\Controllers\FolderController" namespace="App\Http\Controllers">
          <metrics complexity="9" methods="7" coveredmethods="7" conditionals="0" coveredconditionals="0" statements="33" coveredstatements="33" elements="40" coveredelements="40"/>
        </class>
        <line num="16" type="method" name="__construct" visibility="public" complexity="1" crap="1" count="13"/>
        <line num="18" type="stmt" count="13"/>
        <line num="23" type="method" name="index" visibility="public" complexity="1" crap="1" count="4"/>
        <line num="25" type="stmt" count="4"/>
        <line num="26" type="stmt" count="4"/>
        <line num="28" type="stmt" count="4"/>
        <line num="29" type="stmt" count="4"/>
        <line num="30" type="stmt" count="4"/>
        <line num="31" type="stmt" count="4"/>
        <line num="37" type="method" name="store" visibility="public" complexity="1" crap="1" count="1"/>
        <line num="39" type="stmt" count="1"/>
        <line num="41" type="stmt" count="1"/>
        <line num="47" type="method" name="update" visibility="public" complexity="1" crap="1" count="1"/>
        <line num="49" type="stmt" count="1"/>
        <line num="51" type="stmt" count="1"/>
        <line num="53" type="stmt" count="1"/>
        <line num="59" type="method" name="destroy" visibility="public" complexity="1" crap="1" count="1"/>
        <line num="61" type="stmt" count="1"/>
        <line num="63" type="stmt" count="1"/>
        <line num="65" type="stmt" count="1"/>
        <line num="71" type="method" name="bulkUpdate" visibility="public" complexity="2" crap="2" count="1"/>
        <line num="73" type="stmt" count="1"/>
        <line num="74" type="stmt" count="1"/>
        <line num="75" type="stmt" count="1"/>
        <line num="78" type="stmt" count="1"/>
        <line num="79" type="stmt" count="1"/>
        <line num="82" type="stmt" count="1"/>
        <line num="83" type="stmt" count="1"/>
        <line num="84" type="stmt" count="1"/>
        <line num="85" type="stmt" count="1"/>
        <line num="86" type="stmt" count="1"/>
        <line num="88" type="stmt" count="1"/>
        <line num="94" type="method" name="bulkDestroy" visibility="public" complexity="2" crap="2" count="1"/>
        <line num="96" type="stmt" count="1"/>
        <line num="97" type="stmt" count="1"/>
        <line num="98" type="stmt" count="1"/>
        <line num="101" type="stmt" count="1"/>
        <line num="102" type="stmt" count="1"/>
        <line num="105" type="stmt" count="1"/>
        <line num="107" type="stmt" count="1"/>
        <metrics loc="110" ncloc="90" classes="1" methods="7" coveredmethods="7" conditionals="0" coveredconditionals="0" statements="33" coveredstatements="33" elements="40" coveredelements="40"/>
      </file>
    </package>
    <package name="App\Http\Controllers\Auth">
      <file name="/Users/masoud/Sites/lifehub/app/Http/Controllers/Auth/AuthenticatedSessionController.php">
        <class name="App\Http\Controllers\Auth\AuthenticatedSessionController" namespace="App\Http\Controllers\Auth">
          <metrics complexity="3" methods="3" coveredmethods="3" conditionals="0" coveredconditionals="0" statements="11" coveredstatements="11" elements="14" coveredelements="14"/>
        </class>
        <line num="19" type="method" name="create" visibility="public" complexity="1" crap="1" count="1"/>
        <line num="21" type="stmt" count="1"/>
        <line num="22" type="stmt" count="1"/>
        <line num="23" type="stmt" count="1"/>
        <line num="24" type="stmt" count="1"/>
        <line num="30" type="method" name="store" visibility="public" complexity="1" crap="1" count="2"/>
        <line num="32" type="stmt" count="2"/>
        <line num="34" type="stmt" count="1"/>
        <line num="36" type="stmt" count="1"/>
        <line num="42" type="method" name="destroy" visibility="public" complexity="1" crap="1" count="1"/>
        <line num="44" type="stmt" count="1"/>
        <line num="46" type="stmt" count="1"/>
        <line num="47" type="stmt" count="1"/>
        <line num="49" type="stmt" count="1"/>
        <metrics loc="52" ncloc="43" classes="1" methods="3" coveredmethods="3" conditionals="0" coveredconditionals="0" statements="11" coveredstatements="11" elements="14" coveredelements="14"/>
      </file>
      <file name="/Users/masoud/Sites/lifehub/app/Http/Controllers/Auth/ConfirmablePasswordController.php">
        <class name="App\Http\Controllers\Auth\ConfirmablePasswordController" namespace="App\Http\Controllers\Auth">
          <metrics complexity="3" methods="2" coveredmethods="2" conditionals="0" coveredconditionals="0" statements="10" coveredstatements="10" elements="12" coveredelements="12"/>
        </class>
        <line num="18" type="method" name="show" visibility="public" complexity="1" crap="1" count="1"/>
        <line num="20" type="stmt" count="1"/>
        <line num="26" type="method" name="store" visibility="public" complexity="2" crap="2" count="2"/>
        <line num="28" type="stmt" count="2"/>
        <line num="29" type="stmt" count="2"/>
        <line num="30" type="stmt" count="2"/>
        <line num="31" type="stmt" count="2"/>
        <line num="32" type="stmt" count="1"/>
        <line num="33" type="stmt" count="1"/>
        <line num="34" type="stmt" count="1"/>
        <line num="37" type="stmt" count="1"/>
        <line num="39" type="stmt" count="1"/>
        <metrics loc="42" ncloc="36" classes="1" methods="2" coveredmethods="2" conditionals="0" coveredconditionals="0" statements="10" coveredstatements="10" elements="12" coveredelements="12"/>
      </file>
      <file name="/Users/masoud/Sites/lifehub/app/Http/Controllers/Auth/EmailVerificationNotificationController.php">
        <class name="App\Http\Controllers\Auth\EmailVerificationNotificationController" namespace="App\Http\Controllers\Auth">
          <metrics complexity="2" methods="1" coveredmethods="1" conditionals="0" coveredconditionals="0" statements="4" coveredstatements="4" elements="5" coveredelements="5"/>
        </class>
        <line num="14" type="method" name="store" visibility="public" complexity="2" crap="2" count="2"/>
        <line num="16" type="stmt" count="2"/>
        <line num="17" type="stmt" count="1"/>
        <line num="20" type="stmt" count="1"/>
        <line num="22" type="stmt" count="1"/>
        <metrics loc="25" ncloc="22" classes="1" methods="1" coveredmethods="1" conditionals="0" coveredconditionals="0" statements="4" coveredstatements="4" elements="5" coveredelements="5"/>
      </file>
      <file name="/Users/masoud/Sites/lifehub/app/Http/Controllers/Auth/EmailVerificationPromptController.php">
        <class name="App\Http\Controllers\Auth\EmailVerificationPromptController" namespace="App\Http\Controllers\Auth">
          <metrics complexity="2" methods="1" coveredmethods="1" conditionals="0" coveredconditionals="0" statements="3" coveredstatements="3" elements="4" coveredelements="4"/>
        </class>
        <line num="16" type="method" name="__invoke" visibility="public" complexity="2" crap="2" count="2"/>
        <line num="18" type="stmt" count="2"/>
        <line num="19" type="stmt" count="1"/>
        <line num="20" type="stmt" count="2"/>
        <metrics loc="23" ncloc="20" classes="1" methods="1" coveredmethods="1" conditionals="0" coveredconditionals="0" statements="3" coveredstatements="3" elements="4" coveredelements="4"/>
      </file>
      <file name="/Users/masoud/Sites/lifehub/app/Http/Controllers/Auth/NewPasswordController.php">
        <class name="App\Http\Controllers\Auth\NewPasswordController" namespace="App\Http\Controllers\Auth">
          <metrics complexity="3" methods="2" coveredmethods="2" conditionals="0" coveredconditionals="0" statements="24" coveredstatements="24" elements="26" coveredelements="26"/>
        </class>
        <line num="22" type="method" name="create" visibility="public" complexity="1" crap="1" count="1"/>
        <line num="24" type="stmt" count="1"/>
        <line num="25" type="stmt" count="1"/>
        <line num="26" type="stmt" count="1"/>
        <line num="27" type="stmt" count="1"/>
        <line num="35" type="method" name="store" visibility="public" complexity="2" crap="2" count="5"/>
        <line num="37" type="stmt" count="5"/>
        <line num="38" type="stmt" count="5"/>
        <line num="39" type="stmt" count="5"/>
        <line num="40" type="stmt" count="5"/>
        <line num="41" type="stmt" count="5"/>
        <line num="46" type="stmt" count="3"/>
        <line num="47" type="stmt" count="3"/>
        <line num="48" type="stmt" count="3"/>
        <line num="49" type="stmt" count="1"/>
        <line num="50" type="stmt" count="1"/>
        <line num="51" type="stmt" count="1"/>
        <line num="52" type="stmt" count="1"/>
        <line num="54" type="stmt" count="1"/>
        <line num="55" type="stmt" count="3"/>
        <line num="56" type="stmt" count="3"/>
        <line num="61" type="stmt" count="3"/>
        <line num="62" type="stmt" count="1"/>
        <line num="65" type="stmt" count="2"/>
        <line num="66" type="stmt" count="2"/>
        <line num="67" type="stmt" count="2"/>
        <metrics loc="70" ncloc="56" classes="1" methods="2" coveredmethods="2" conditionals="0" coveredconditionals="0" statements="24" coveredstatements="24" elements="26" coveredelements="26"/>
      </file>
      <file name="/Users/masoud/Sites/lifehub/app/Http/Controllers/Auth/PasswordResetLinkController.php">
        <class name="App\Http\Controllers\Auth\PasswordResetLinkController" namespace="App\Http\Controllers\Auth">
          <metrics complexity="2" methods="2" coveredmethods="2" conditionals="0" coveredconditionals="0" statements="10" coveredstatements="10" elements="12" coveredelements="12"/>
        </class>
        <line num="17" type="method" name="create" visibility="public" complexity="1" crap="1" count="1"/>
        <line num="19" type="stmt" count="1"/>
        <line num="20" type="stmt" count="1"/>
        <line num="21" type="stmt" count="1"/>
        <line num="29" type="method" name="store" visibility="public" complexity="1" crap="1" count="3"/>
        <line num="31" type="stmt" count="3"/>
        <line num="32" type="stmt" count="3"/>
        <line num="33" type="stmt" count="3"/>
        <line num="35" type="stmt" count="3"/>
        <line num="36" type="stmt" count="3"/>
        <line num="37" type="stmt" count="3"/>
        <line num="39" type="stmt" count="3"/>
        <metrics loc="42" ncloc="34" classes="1" methods="2" coveredmethods="2" conditionals="0" coveredconditionals="0" statements="10" coveredstatements="10" elements="12" coveredelements="12"/>
      </file>
      <file name="/Users/masoud/Sites/lifehub/app/Http/Controllers/Auth/RegisteredUserController.php">
        <class name="App\Http\Controllers\Auth\RegisteredUserController" namespace="App\Http\Controllers\Auth">
          <metrics complexity="2" methods="2" coveredmethods="2" conditionals="0" coveredconditionals="0" statements="14" coveredstatements="14" elements="16" coveredelements="16"/>
        </class>
        <line num="21" type="method" name="create" visibility="public" complexity="1" crap="1" count="1"/>
        <line num="23" type="stmt" count="1"/>
        <line num="31" type="method" name="store" visibility="public" complexity="1" crap="1" count="1"/>
        <line num="33" type="stmt" count="1"/>
        <line num="34" type="stmt" count="1"/>
        <line num="35" type="stmt" count="1"/>
        <line num="36" type="stmt" count="1"/>
        <line num="37" type="stmt" count="1"/>
        <line num="39" type="stmt" count="1"/>
        <line num="40" type="stmt" count="1"/>
        <line num="41" type="stmt" count="1"/>
        <line num="42" type="stmt" count="1"/>
        <line num="43" type="stmt" count="1"/>
        <line num="45" type="stmt" count="1"/>
        <line num="47" type="stmt" count="1"/>
        <line num="49" type="stmt" count="1"/>
        <metrics loc="52" ncloc="44" classes="1" methods="2" coveredmethods="2" conditionals="0" coveredconditionals="0" statements="14" coveredstatements="14" elements="16" coveredelements="16"/>
      </file>
      <file name="/Users/masoud/Sites/lifehub/app/Http/Controllers/Auth/VerifyEmailController.php">
        <class name="App\Http\Controllers\Auth\VerifyEmailController" namespace="App\Http\Controllers\Auth">
          <metrics complexity="3" methods="1" coveredmethods="1" conditionals="0" coveredconditionals="0" statements="6" coveredstatements="6" elements="7" coveredelements="7"/>
        </class>
        <line num="15" type="method" name="__invoke" visibility="public" complexity="3" crap="3" count="3"/>
        <line num="17" type="stmt" count="3"/>
        <line num="18" type="stmt" count="1"/>
        <line num="21" type="stmt" count="2"/>
        <line num="23" type="stmt" count="2"/>
        <line num="25" type="stmt" count="2"/>
        <line num="28" type="stmt" count="2"/>
        <metrics loc="31" ncloc="27" classes="1" methods="1" coveredmethods="1" conditionals="0" coveredconditionals="0" statements="6" coveredstatements="6" elements="7" coveredelements="7"/>
      </file>
    </package>
    <package name="App\Http\Controllers\Passwords">
      <file name="/Users/masoud/Sites/lifehub/app/Http/Controllers/Passwords/PasswordController.php">
        <class name="App\Http\Controllers\Passwords\PasswordController" namespace="App\Http\Controllers\Passwords">
          <metrics complexity="9" methods="9" coveredmethods="9" conditionals="0" coveredconditionals="0" statements="47" coveredstatements="47" elements="56" coveredelements="56"/>
        </class>
        <line num="18" type="method" name="__construct" visibility="public" complexity="1" crap="1" count="59"/>
        <line num="21" type="stmt" count="59"/>
        <line num="23" type="method" name="index" visibility="public" complexity="1" crap="1" count="7"/>
        <line num="25" type="stmt" count="7"/>
        <line num="26" type="stmt" count="7"/>
        <line num="28" type="stmt" count="7"/>
        <line num="29" type="stmt" count="7"/>
        <line num="30" type="stmt" count="7"/>
        <line num="31" type="stmt" count="7"/>
        <line num="32" type="stmt" count="7"/>
        <line num="33" type="stmt" count="7"/>
        <line num="35" type="stmt" count="7"/>
        <line num="36" type="stmt" count="7"/>
        <line num="37" type="stmt" count="7"/>
        <line num="38" type="stmt" count="7"/>
        <line num="39" type="stmt" count="7"/>
        <line num="40" type="stmt" count="7"/>
        <line num="41" type="stmt" count="7"/>
        <line num="42" type="stmt" count="7"/>
        <line num="43" type="stmt" count="7"/>
        <line num="45" type="stmt" count="7"/>
        <line num="46" type="stmt" count="7"/>
        <line num="47" type="stmt" count="7"/>
        <line num="48" type="stmt" count="7"/>
        <line num="51" type="method" name="store" visibility="public" complexity="1" crap="1" count="2"/>
        <line num="53" type="stmt" count="2"/>
        <line num="54" type="stmt" count="2"/>
        <line num="55" type="stmt" count="2"/>
        <line num="56" type="stmt" count="2"/>
        <line num="58" type="stmt" count="2"/>
        <line num="61" type="method" name="update" visibility="public" complexity="1" crap="1" count="1"/>
        <line num="63" type="stmt" count="1"/>
        <line num="64" type="stmt" count="1"/>
        <line num="65" type="stmt" count="1"/>
        <line num="66" type="stmt" count="1"/>
        <line num="68" type="stmt" count="1"/>
        <line num="71" type="method" name="copy" visibility="public" complexity="1" crap="1" count="4"/>
        <line num="73" type="stmt" count="4"/>
        <line num="75" type="stmt" count="3"/>
        <line num="77" type="stmt" count="3"/>
        <line num="80" type="method" name="destroy" visibility="public" complexity="1" crap="1" count="3"/>
        <line num="82" type="stmt" count="3"/>
        <line num="84" type="stmt" count="2"/>
        <line num="86" type="stmt" count="2"/>
        <line num="89" type="method" name="destroyBulk" visibility="public" complexity="1" crap="1" count="8"/>
        <line num="91" type="stmt" count="8"/>
        <line num="93" type="stmt" count="8"/>
        <line num="96" type="method" name="moveToFolder" visibility="public" complexity="1" crap="1" count="8"/>
        <line num="98" type="stmt" count="8"/>
        <line num="99" type="stmt" count="8"/>
        <line num="100" type="stmt" count="8"/>
        <line num="101" type="stmt" count="8"/>
        <line num="103" type="stmt" count="8"/>
        <line num="106" type="method" name="removeFromFolder" visibility="public" complexity="1" crap="1" count="5"/>
        <line num="108" type="stmt" count="5"/>
        <line num="110" type="stmt" count="5"/>
        <metrics loc="113" ncloc="113" classes="1" methods="9" coveredmethods="9" conditionals="0" coveredconditionals="0" statements="47" coveredstatements="47" elements="56" coveredelements="56"/>
      </file>
    </package>
    <package name="App\Http\Controllers\Settings">
      <file name="/Users/masoud/Sites/lifehub/app/Http/Controllers/Settings/PasswordController.php">
        <class name="App\Http\Controllers\Settings\PasswordController" namespace="App\Http\Controllers\Settings">
          <metrics complexity="2" methods="2" coveredmethods="2" conditionals="0" coveredconditionals="0" statements="9" coveredstatements="9" elements="11" coveredelements="11"/>
        </class>
        <line num="18" type="method" name="edit" visibility="public" complexity="1" crap="1" count="1"/>
        <line num="20" type="stmt" count="1"/>
        <line num="26" type="method" name="update" visibility="public" complexity="1" crap="1" count="4"/>
        <line num="28" type="stmt" count="4"/>
        <line num="29" type="stmt" count="4"/>
        <line num="30" type="stmt" count="4"/>
        <line num="31" type="stmt" count="4"/>
        <line num="33" type="stmt" count="1"/>
        <line num="34" type="stmt" count="1"/>
        <line num="35" type="stmt" count="1"/>
        <line num="37" type="stmt" count="1"/>
        <metrics loc="40" ncloc="34" classes="1" methods="2" coveredmethods="2" conditionals="0" coveredconditionals="0" statements="9" coveredstatements="9" elements="11" coveredelements="11"/>
      </file>
      <file name="/Users/masoud/Sites/lifehub/app/Http/Controllers/Settings/ProfileController.php">
        <class name="App\Http\Controllers\Settings\ProfileController" namespace="App\Http\Controllers\Settings">
          <metrics complexity="4" methods="3" coveredmethods="3" conditionals="0" coveredconditionals="0" statements="18" coveredstatements="18" elements="21" coveredelements="21"/>
        </class>
        <line num="19" type="method" name="edit" visibility="public" complexity="1" crap="1" count="1"/>
        <line num="21" type="stmt" count="1"/>
        <line num="22" type="stmt" count="1"/>
        <line num="23" type="stmt" count="1"/>
        <line num="24" type="stmt" count="1"/>
        <line num="30" type="method" name="update" visibility="public" complexity="2" crap="2" count="2"/>
        <line num="32" type="stmt" count="2"/>
        <line num="34" type="stmt" count="2"/>
        <line num="35" type="stmt" count="1"/>
        <line num="38" type="stmt" count="2"/>
        <line num="40" type="stmt" count="2"/>
        <line num="46" type="method" name="destroy" visibility="public" complexity="1" crap="1" count="2"/>
        <line num="48" type="stmt" count="2"/>
        <line num="49" type="stmt" count="2"/>
        <line num="50" type="stmt" count="2"/>
        <line num="52" type="stmt" count="1"/>
        <line num="54" type="stmt" count="1"/>
        <line num="56" type="stmt" count="1"/>
        <line num="58" type="stmt" count="1"/>
        <line num="59" type="stmt" count="1"/>
        <line num="61" type="stmt" count="1"/>
        <metrics loc="64" ncloc="55" classes="1" methods="3" coveredmethods="3" conditionals="0" coveredconditionals="0" statements="18" coveredstatements="18" elements="21" coveredelements="21"/>
      </file>
    </package>
    <package name="App\Http\Middleware">
      <file name="/Users/masoud/Sites/lifehub/app/Http/Middleware/HandleAppearance.php">
        <class name="App\Http\Middleware\HandleAppearance" namespace="App\Http\Middleware">
          <metrics complexity="1" methods="1" coveredmethods="1" conditionals="0" coveredconditionals="0" statements="2" coveredstatements="2" elements="3" coveredelements="3"/>
        </class>
        <line num="17" type="method" name="handle" visibility="public" complexity="1" crap="1" count="123"/>
        <line num="19" type="stmt" count="123"/>
        <line num="21" type="stmt" count="123"/>
        <metrics loc="24" ncloc="19" classes="1" methods="1" coveredmethods="1" conditionals="0" coveredconditionals="0" statements="2" coveredstatements="2" elements="3" coveredelements="3"/>
      </file>
      <file name="/Users/masoud/Sites/lifehub/app/Http/Middleware/HandleInertiaRequests.php">
        <class name="App\Http\Middleware\HandleInertiaRequests" namespace="App\Http\Middleware">
          <metrics complexity="3" methods="2" coveredmethods="2" conditionals="0" coveredconditionals="0" statements="16" coveredstatements="16" elements="18" coveredelements="18"/>
        </class>
        <line num="27" type="method" name="version" visibility="public" complexity="1" crap="1" count="32"/>
        <line num="29" type="stmt" count="32"/>
        <line num="39" type="method" name="share" visibility="public" complexity="2" crap="2" count="123"/>
        <line num="41" type="stmt" count="123"/>
        <line num="43" type="stmt" count="123"/>
        <line num="44" type="stmt" count="123"/>
        <line num="45" type="stmt" count="123"/>
        <line num="46" type="stmt" count="123"/>
        <line num="47" type="stmt" count="123"/>
        <line num="48" type="stmt" count="123"/>
        <line num="49" type="stmt" count="123"/>
        <line num="50" type="stmt" count="123"/>
        <line num="51" type="stmt" count="123"/>
        <line num="52" type="stmt" count="123"/>
        <line num="53" type="stmt" count="123"/>
        <line num="54" type="stmt" count="123"/>
        <line num="55" type="stmt" count="123"/>
        <line num="56" type="stmt" count="123"/>
        <metrics loc="59" ncloc="40" classes="1" methods="2" coveredmethods="2" conditionals="0" coveredconditionals="0" statements="16" coveredstatements="16" elements="18" coveredelements="18"/>
      </file>
    </package>
    <package name="App\Http\Requests\AuditLog">
      <file name="/Users/masoud/Sites/lifehub/app/Http/Requests/AuditLog/IndexAuditLogRequest.php">
        <class name="App\Http\Requests\AuditLog\IndexAuditLogRequest" namespace="App\Http\Requests\AuditLog">
          <metrics complexity="7" methods="4" coveredmethods="4" conditionals="0" coveredconditionals="0" statements="28" coveredstatements="28" elements="32" coveredelements="32"/>
        </class>
        <line num="13" type="method" name="authorize" visibility="public" complexity="1" crap="1" count="14"/>
        <line num="15" type="stmt" count="14"/>
        <line num="21" type="method" name="rules" visibility="public" complexity="1" crap="1" count="14"/>
        <line num="23" type="stmt" count="14"/>
        <line num="24" type="stmt" count="14"/>
        <line num="25" type="stmt" count="14"/>
        <line num="26" type="stmt" count="14"/>
        <line num="27" type="stmt" count="14"/>
        <line num="28" type="stmt" count="14"/>
        <line num="29" type="stmt" count="14"/>
        <line num="30" type="stmt" count="14"/>
        <line num="31" type="stmt" count="14"/>
        <line num="32" type="stmt" count="14"/>
        <line num="33" type="stmt" count="14"/>
        <line num="39" type="method" name="getValidatedFilters" visibility="public" complexity="1" crap="1" count="11"/>
        <line num="41" type="stmt" count="11"/>
        <line num="43" type="stmt" count="11"/>
        <line num="44" type="stmt" count="11"/>
        <line num="45" type="stmt" count="11"/>
        <line num="46" type="stmt" count="11"/>
        <line num="47" type="stmt" count="11"/>
        <line num="48" type="stmt" count="11"/>
        <line num="49" type="stmt" count="11"/>
        <line num="50" type="stmt" count="11"/>
        <line num="51" type="stmt" count="11"/>
        <line num="52" type="stmt" count="11"/>
        <line num="53" type="stmt" count="11"/>
        <line num="59" type="method" name="prepareForValidation" visibility="protected" complexity="4" crap="4" count="14"/>
        <line num="62" type="stmt" count="14"/>
        <line num="63" type="stmt" count="2"/>
        <line num="64" type="stmt" count="2"/>
        <line num="66" type="stmt" count="1"/>
        <metrics loc="71" ncloc="57" classes="1" methods="4" coveredmethods="4" conditionals="0" coveredconditionals="0" statements="28" coveredstatements="28" elements="32" coveredelements="32"/>
      </file>
    </package>
    <package name="App\Http\Requests\Auth">
      <file name="/Users/masoud/Sites/lifehub/app/Http/Requests/Auth/LoginRequest.php">
        <class name="App\Http\Requests\Auth\LoginRequest" namespace="App\Http\Requests\Auth">
          <metrics complexity="7" methods="5" coveredmethods="5" conditionals="0" coveredconditionals="0" statements="23" coveredstatements="23" elements="28" coveredelements="28"/>
        </class>
        <line num="17" type="method" name="authorize" visibility="public" complexity="1" crap="1" count="3"/>
        <line num="19" type="stmt" count="3"/>
        <line num="27" type="method" name="rules" visibility="public" complexity="1" crap="1" count="8"/>
        <line num="29" type="stmt" count="8"/>
        <line num="30" type="stmt" count="8"/>
        <line num="31" type="stmt" count="8"/>
        <line num="32" type="stmt" count="8"/>
        <line num="40" type="method" name="authenticate" visibility="public" complexity="2" crap="2" count="8"/>
        <line num="42" type="stmt" count="8"/>
        <line num="44" type="stmt" count="8"/>
        <line num="45" type="stmt" count="4"/>
        <line num="47" type="stmt" count="4"/>
        <line num="48" type="stmt" count="4"/>
        <line num="49" type="stmt" count="4"/>
        <line num="52" type="stmt" count="4"/>
        <line num="60" type="method" name="ensureIsNotRateLimited" visibility="public" complexity="2" crap="2" count="11"/>
        <line num="62" type="stmt" count="11"/>
        <line num="63" type="stmt" count="9"/>
        <line num="66" type="stmt" count="2"/>
        <line num="68" type="stmt" count="2"/>
        <line num="70" type="stmt" count="2"/>
        <line num="71" type="stmt" count="2"/>
        <line num="72" type="stmt" count="2"/>
        <line num="73" type="stmt" count="2"/>
        <line num="74" type="stmt" count="2"/>
        <line num="75" type="stmt" count="2"/>
        <line num="81" type="method" name="throttleKey" visibility="public" complexity="1" crap="1" count="13"/>
        <line num="83" type="stmt" count="13"/>
        <metrics loc="86" ncloc="65" classes="1" methods="5" coveredmethods="5" conditionals="0" coveredconditionals="0" statements="23" coveredstatements="23" elements="28" coveredelements="28"/>
      </file>
    </package>
    <package name="App\Http\Requests\Folders">
      <file name="/Users/masoud/Sites/lifehub/app/Http/Requests/Folders/BulkDestroyFoldersRequest.php">
        <class name="App\Http\Requests\Folders\BulkDestroyFoldersRequest" namespace="App\Http\Requests\Folders">
          <metrics complexity="5" methods="4" coveredmethods="4" conditionals="0" coveredconditionals="0" statements="8" coveredstatements="8" elements="12" coveredelements="12"/>
        </class>
        <line num="12" type="method" name="authorize" visibility="public" complexity="1" crap="1" count="1"/>
        <line num="14" type="stmt" count="1"/>
        <line num="20" type="method" name="rules" visibility="public" complexity="1" crap="1" count="1"/>
        <line num="22" type="stmt" count="1"/>
        <line num="23" type="stmt" count="1"/>
        <line num="24" type="stmt" count="1"/>
        <line num="25" type="stmt" count="1"/>
        <line num="31" type="method" name="getFolderIds" visibility="public" complexity="1" crap="1" count="1"/>
        <line num="33" type="stmt" count="1"/>
        <line num="39" type="method" name="getSuccessMessage" visibility="public" complexity="2" crap="2" count="1"/>
        <line num="41" type="stmt" count="1"/>
        <line num="43" type="stmt" count="1"/>
        <metrics loc="46" ncloc="34" classes="1" methods="4" coveredmethods="4" conditionals="0" coveredconditionals="0" statements="8" coveredstatements="8" elements="12" coveredelements="12"/>
      </file>
      <file name="/Users/masoud/Sites/lifehub/app/Http/Requests/Folders/BulkUpdateFoldersRequest.php">
        <class name="App\Http\Requests\Folders\BulkUpdateFoldersRequest" namespace="App\Http\Requests\Folders">
          <metrics complexity="7" methods="5" coveredmethods="5" conditionals="0" coveredconditionals="0" statements="11" coveredstatements="11" elements="16" coveredelements="16"/>
        </class>
        <line num="12" type="method" name="authorize" visibility="public" complexity="1" crap="1" count="2"/>
        <line num="14" type="stmt" count="2"/>
        <line num="20" type="method" name="rules" visibility="public" complexity="1" crap="1" count="2"/>
        <line num="22" type="stmt" count="2"/>
        <line num="23" type="stmt" count="2"/>
        <line num="24" type="stmt" count="2"/>
        <line num="25" type="stmt" count="2"/>
        <line num="26" type="stmt" count="2"/>
        <line num="32" type="method" name="getFolderIds" visibility="public" complexity="1" crap="1" count="1"/>
        <line num="34" type="stmt" count="1"/>
        <line num="40" type="method" name="getFeaturedStatus" visibility="public" complexity="1" crap="1" count="1"/>
        <line num="42" type="stmt" count="1"/>
        <line num="48" type="method" name="getSuccessMessage" visibility="public" complexity="3" crap="3" count="1"/>
        <line num="50" type="stmt" count="1"/>
        <line num="51" type="stmt" count="1"/>
        <line num="53" type="stmt" count="1"/>
        <metrics loc="56" ncloc="41" classes="1" methods="5" coveredmethods="5" conditionals="0" coveredconditionals="0" statements="11" coveredstatements="11" elements="16" coveredelements="16"/>
      </file>
      <file name="/Users/masoud/Sites/lifehub/app/Http/Requests/Folders/IndexFoldersRequest.php">
        <class name="App\Http\Requests\Folders\IndexFoldersRequest" namespace="App\Http\Requests\Folders">
          <metrics complexity="3" methods="3" coveredmethods="3" conditionals="0" coveredconditionals="0" statements="15" coveredstatements="15" elements="18" coveredelements="18"/>
        </class>
        <line num="12" type="method" name="authorize" visibility="public" complexity="1" crap="1" count="4"/>
        <line num="14" type="stmt" count="4"/>
        <line num="20" type="method" name="rules" visibility="public" complexity="1" crap="1" count="4"/>
        <line num="22" type="stmt" count="4"/>
        <line num="23" type="stmt" count="4"/>
        <line num="24" type="stmt" count="4"/>
        <line num="25" type="stmt" count="4"/>
        <line num="26" type="stmt" count="4"/>
        <line num="27" type="stmt" count="4"/>
        <line num="28" type="stmt" count="4"/>
        <line num="34" type="method" name="getFilters" visibility="public" complexity="1" crap="1" count="4"/>
        <line num="36" type="stmt" count="4"/>
        <line num="37" type="stmt" count="4"/>
        <line num="38" type="stmt" count="4"/>
        <line num="39" type="stmt" count="4"/>
        <line num="40" type="stmt" count="4"/>
        <line num="41" type="stmt" count="4"/>
        <line num="42" type="stmt" count="4"/>
        <metrics loc="45" ncloc="36" classes="1" methods="3" coveredmethods="3" conditionals="0" coveredconditionals="0" statements="15" coveredstatements="15" elements="18" coveredelements="18"/>
      </file>
      <file name="/Users/masoud/Sites/lifehub/app/Http/Requests/Folders/StoreFolderRequest.php">
        <class name="App\Http\Requests\Folders\StoreFolderRequest" namespace="App\Http\Requests\Folders">
          <metrics complexity="2" methods="2" coveredmethods="2" conditionals="0" coveredconditionals="0" statements="10" coveredstatements="10" elements="12" coveredelements="12"/>
        </class>
        <line num="13" type="method" name="authorize" visibility="public" complexity="1" crap="1" count="5"/>
        <line num="15" type="stmt" count="5"/>
        <line num="23" type="method" name="rules" visibility="public" complexity="1" crap="1" count="5"/>
        <line num="25" type="stmt" count="5"/>
        <line num="26" type="stmt" count="5"/>
        <line num="27" type="stmt" count="5"/>
        <line num="28" type="stmt" count="5"/>
        <line num="29" type="stmt" count="5"/>
        <line num="30" type="stmt" count="5"/>
        <line num="31" type="stmt" count="5"/>
        <line num="32" type="stmt" count="5"/>
        <line num="33" type="stmt" count="5"/>
        <metrics loc="36" ncloc="28" classes="1" methods="2" coveredmethods="2" conditionals="0" coveredconditionals="0" statements="10" coveredstatements="10" elements="12" coveredelements="12"/>
      </file>
      <file name="/Users/masoud/Sites/lifehub/app/Http/Requests/Folders/UpdateFolderRequest.php">
        <class name="App\Http\Requests\Folders\UpdateFolderRequest" namespace="App\Http\Requests\Folders">
          <metrics complexity="2" methods="2" coveredmethods="2" conditionals="0" coveredconditionals="0" statements="13" coveredstatements="13" elements="15" coveredelements="15"/>
        </class>
        <line num="13" type="method" name="authorize" visibility="public" complexity="1" crap="1" count="3"/>
        <line num="15" type="stmt" count="3"/>
        <line num="23" type="method" name="rules" visibility="public" complexity="1" crap="1" count="2"/>
        <line num="25" type="stmt" count="2"/>
        <line num="27" type="stmt" count="2"/>
        <line num="28" type="stmt" count="2"/>
        <line num="29" type="stmt" count="2"/>
        <line num="30" type="stmt" count="2"/>
        <line num="31" type="stmt" count="2"/>
        <line num="32" type="stmt" count="2"/>
        <line num="33" type="stmt" count="2"/>
        <line num="34" type="stmt" count="2"/>
        <line num="35" type="stmt" count="2"/>
        <line num="36" type="stmt" count="2"/>
        <line num="37" type="stmt" count="2"/>
        <metrics loc="40" ncloc="32" classes="1" methods="2" coveredmethods="2" conditionals="0" coveredconditionals="0" statements="13" coveredstatements="13" elements="15" coveredelements="15"/>
      </file>
    </package>
    <package name="App\Http\Requests\Passwords">
      <file name="/Users/masoud/Sites/lifehub/app/Http/Requests/Passwords/BulkDeletePasswordsRequest.php">
        <class name="App\Http\Requests\Passwords\BulkDeletePasswordsRequest" namespace="App\Http\Requests\Passwords">
          <metrics complexity="2" methods="2" coveredmethods="2" conditionals="0" coveredconditionals="0" statements="5" coveredstatements="5" elements="7" coveredelements="7"/>
        </class>
        <line num="12" type="method" name="authorize" visibility="public" complexity="1" crap="1" count="18"/>
        <line num="14" type="stmt" count="18"/>
        <line num="22" type="method" name="rules" visibility="public" complexity="1" crap="1" count="18"/>
        <line num="24" type="stmt" count="18"/>
        <line num="25" type="stmt" count="18"/>
        <line num="26" type="stmt" count="18"/>
        <line num="27" type="stmt" count="18"/>
        <metrics loc="30" ncloc="22" classes="1" methods="2" coveredmethods="2" conditionals="0" coveredconditionals="0" statements="5" coveredstatements="5" elements="7" coveredelements="7"/>
      </file>
      <file name="/Users/masoud/Sites/lifehub/app/Http/Requests/Passwords/BulkMoveToFolderRequest.php">
        <class name="App\Http\Requests\Passwords\BulkMoveToFolderRequest" namespace="App\Http\Requests\Passwords">
          <metrics complexity="3" methods="3" coveredmethods="3" conditionals="0" coveredconditionals="0" statements="11" coveredstatements="11" elements="14" coveredelements="14"/>
        </class>
        <line num="12" type="method" name="authorize" visibility="public" complexity="1" crap="1" count="14"/>
        <line num="14" type="stmt" count="14"/>
        <line num="22" type="method" name="rules" visibility="public" complexity="1" crap="1" count="14"/>
        <line num="24" type="stmt" count="14"/>
        <line num="25" type="stmt" count="14"/>
        <line num="26" type="stmt" count="14"/>
        <line num="27" type="stmt" count="14"/>
        <line num="28" type="stmt" count="14"/>
        <line num="34" type="method" name="messages" visibility="public" complexity="1" crap="1" count="14"/>
        <line num="36" type="stmt" count="14"/>
        <line num="37" type="stmt" count="14"/>
        <line num="38" type="stmt" count="14"/>
        <line num="39" type="stmt" count="14"/>
        <line num="40" type="stmt" count="14"/>
        <metrics loc="43" ncloc="32" classes="1" methods="3" coveredmethods="3" conditionals="0" coveredconditionals="0" statements="11" coveredstatements="11" elements="14" coveredelements="14"/>
      </file>
      <file name="/Users/masoud/Sites/lifehub/app/Http/Requests/Passwords/BulkRemoveFromFolderRequest.php">
        <class name="App\Http\Requests\Passwords\BulkRemoveFromFolderRequest" namespace="App\Http\Requests\Passwords">
          <metrics complexity="3" methods="3" coveredmethods="3" conditionals="0" coveredconditionals="0" statements="9" coveredstatements="9" elements="12" coveredelements="12"/>
        </class>
        <line num="12" type="method" name="authorize" visibility="public" complexity="1" crap="1" count="7"/>
        <line num="14" type="stmt" count="7"/>
        <line num="22" type="method" name="rules" visibility="public" complexity="1" crap="1" count="7"/>
        <line num="24" type="stmt" count="7"/>
        <line num="25" type="stmt" count="7"/>
        <line num="26" type="stmt" count="7"/>
        <line num="27" type="stmt" count="7"/>
        <line num="33" type="method" name="messages" visibility="public" complexity="1" crap="1" count="7"/>
        <line num="35" type="stmt" count="7"/>
        <line num="36" type="stmt" count="7"/>
        <line num="37" type="stmt" count="7"/>
        <line num="38" type="stmt" count="7"/>
        <metrics loc="41" ncloc="30" classes="1" methods="3" coveredmethods="3" conditionals="0" coveredconditionals="0" statements="9" coveredstatements="9" elements="12" coveredelements="12"/>
      </file>
      <file name="/Users/masoud/Sites/lifehub/app/Http/Requests/Passwords/IndexPasswordsRequest.php">
        <class name="App\Http\Requests\Passwords\IndexPasswordsRequest" namespace="App\Http\Requests\Passwords">
          <metrics complexity="3" methods="3" coveredmethods="3" conditionals="0" coveredconditionals="0" statements="12" coveredstatements="12" elements="15" coveredelements="15"/>
        </class>
        <line num="14" type="method" name="authorize" visibility="public" complexity="1" crap="1" count="7"/>
        <line num="16" type="stmt" count="7"/>
        <line num="24" type="method" name="rules" visibility="public" complexity="1" crap="1" count="7"/>
        <line num="26" type="stmt" count="7"/>
        <line num="27" type="stmt" count="7"/>
        <line num="28" type="stmt" count="7"/>
        <line num="29" type="stmt" count="7"/>
        <line num="30" type="stmt" count="7"/>
        <line num="31" type="stmt" count="7"/>
        <line num="32" type="stmt" count="7"/>
        <line num="33" type="stmt" count="7"/>
        <line num="34" type="stmt" count="7"/>
        <line num="35" type="stmt" count="7"/>
        <line num="41" type="method" name="prepareForValidation" visibility="protected" complexity="1" crap="1" count="7"/>
        <line num="44" type="stmt" count="7"/>
        <metrics loc="46" ncloc="34" classes="1" methods="3" coveredmethods="3" conditionals="0" coveredconditionals="0" statements="12" coveredstatements="12" elements="15" coveredelements="15"/>
      </file>
      <file name="/Users/masoud/Sites/lifehub/app/Http/Requests/Passwords/StorePasswordRequest.php">
        <class name="App\Http\Requests\Passwords\StorePasswordRequest" namespace="App\Http\Requests\Passwords">
          <metrics complexity="2" methods="2" coveredmethods="2" conditionals="0" coveredconditionals="0" statements="12" coveredstatements="12" elements="14" coveredelements="14"/>
        </class>
        <line num="14" type="method" name="authorize" visibility="public" complexity="1" crap="1" count="5"/>
        <line num="16" type="stmt" count="5"/>
        <line num="24" type="method" name="rules" visibility="public" complexity="1" crap="1" count="25"/>
        <line num="26" type="stmt" count="25"/>
        <line num="27" type="stmt" count="25"/>
        <line num="28" type="stmt" count="25"/>
        <line num="29" type="stmt" count="25"/>
        <line num="30" type="stmt" count="25"/>
        <line num="31" type="stmt" count="25"/>
        <line num="32" type="stmt" count="25"/>
        <line num="33" type="stmt" count="25"/>
        <line num="34" type="stmt" count="25"/>
        <line num="35" type="stmt" count="25"/>
        <line num="36" type="stmt" count="25"/>
        <metrics loc="39" ncloc="31" classes="1" methods="2" coveredmethods="2" conditionals="0" coveredconditionals="0" statements="12" coveredstatements="12" elements="14" coveredelements="14"/>
      </file>
      <file name="/Users/masoud/Sites/lifehub/app/Http/Requests/Passwords/UpdatePasswordRequest.php">
        <class name="App\Http\Requests\Passwords\UpdatePasswordRequest" namespace="App\Http\Requests\Passwords">
          <metrics complexity="2" methods="2" coveredmethods="2" conditionals="0" coveredconditionals="0" statements="13" coveredstatements="13" elements="15" coveredelements="15"/>
        </class>
        <line num="13" type="method" name="authorize" visibility="public" complexity="1" crap="1" count="4"/>
        <line num="15" type="stmt" count="4"/>
        <line num="23" type="method" name="rules" visibility="public" complexity="1" crap="1" count="15"/>
        <line num="25" type="stmt" count="15"/>
        <line num="27" type="stmt" count="15"/>
        <line num="28" type="stmt" count="15"/>
        <line num="29" type="stmt" count="15"/>
        <line num="30" type="stmt" count="15"/>
        <line num="31" type="stmt" count="15"/>
        <line num="32" type="stmt" count="15"/>
        <line num="33" type="stmt" count="15"/>
        <line num="34" type="stmt" count="15"/>
        <line num="35" type="stmt" count="15"/>
        <line num="36" type="stmt" count="15"/>
        <line num="37" type="stmt" count="15"/>
        <metrics loc="40" ncloc="32" classes="1" methods="2" coveredmethods="2" conditionals="0" coveredconditionals="0" statements="13" coveredstatements="13" elements="15" coveredelements="15"/>
      </file>
    </package>
    <package name="App\Http\Requests\Settings">
      <file name="/Users/masoud/Sites/lifehub/app/Http/Requests/Settings/ProfileUpdateRequest.php">
        <class name="App\Http\Requests\Settings\ProfileUpdateRequest" namespace="App\Http\Requests\Settings">
          <metrics complexity="1" methods="1" coveredmethods="1" conditionals="0" coveredconditionals="0" statements="11" coveredstatements="11" elements="12" coveredelements="12"/>
        </class>
        <line num="17" type="method" name="rules" visibility="public" complexity="1" crap="1" count="2"/>
        <line num="19" type="stmt" count="2"/>
        <line num="20" type="stmt" count="2"/>
        <line num="22" type="stmt" count="2"/>
        <line num="23" type="stmt" count="2"/>
        <line num="24" type="stmt" count="2"/>
        <line num="25" type="stmt" count="2"/>
        <line num="26" type="stmt" count="2"/>
        <line num="27" type="stmt" count="2"/>
        <line num="28" type="stmt" count="2"/>
        <line num="29" type="stmt" count="2"/>
        <line num="30" type="stmt" count="2"/>
        <metrics loc="33" ncloc="28" classes="1" methods="1" coveredmethods="1" conditionals="0" coveredconditionals="0" statements="11" coveredstatements="11" elements="12" coveredelements="12"/>
      </file>
    </package>
    <package name="App\Models">
      <file name="/Users/masoud/Sites/lifehub/app/Models/Folder.php">
        <class name="App\Models\Folder" namespace="App\Models">
          <metrics complexity="3" methods="3" coveredmethods="3" conditionals="0" coveredconditionals="0" statements="9" coveredstatements="9" elements="12" coveredelements="12"/>
        </class>
        <line num="24" type="method" name="user" visibility="public" complexity="1" crap="1" count="2"/>
        <line num="26" type="stmt" count="2"/>
        <line num="29" type="method" name="passwords" visibility="public" complexity="1" crap="1" count="22"/>
        <line num="31" type="stmt" count="22"/>
        <line num="34" type="method" name="scopeOrdered" visibility="public" complexity="1" crap="1" count="19"/>
        <line num="36" type="stmt" count="19"/>
        <line num="37" type="stmt" count="19"/>
        <line num="38" type="stmt" count="19"/>
        <line num="39" type="stmt" count="19"/>
        <line num="40" type="stmt" count="19"/>
        <line num="41" type="stmt" count="19"/>
        <line num="42" type="stmt" count="19"/>
        <metrics loc="45" ncloc="44" classes="1" methods="3" coveredmethods="3" conditionals="0" coveredconditionals="0" statements="9" coveredstatements="9" elements="12" coveredelements="12"/>
      </file>
      <file name="/Users/masoud/Sites/lifehub/app/Models/Password.php">
        <class name="App\Models\Password" namespace="App\Models">
          <metrics complexity="36" methods="18" coveredmethods="16" conditionals="0" coveredconditionals="0" statements="66" coveredstatements="64" elements="84" coveredelements="80"/>
        </class>
        <line num="52" type="method" name="boot" visibility="protected" complexity="1" crap="1" count="358"/>
        <line num="54" type="stmt" count="358"/>
        <line num="57" type="method" name="user" visibility="public" complexity="1" crap="1" count="45"/>
        <line num="59" type="stmt" count="45"/>
        <line num="62" type="method" name="folder" visibility="public" complexity="1" crap="1" count="37"/>
        <line num="64" type="stmt" count="37"/>
        <line num="67" type="method" name="auditLogs" visibility="public" complexity="1" crap="2" count="0"/>
        <line num="69" type="stmt" count="0"/>
        <line num="72" type="method" name="cli" visibility="public" complexity="2" crap="2" count="21"/>
        <line num="74" type="stmt" count="21"/>
        <line num="75" type="stmt" count="21"/>
        <line num="76" type="stmt" count="21"/>
        <line num="79" type="method" name="isExpired" visibility="public" complexity="2" crap="2" count="18"/>
        <line num="81" type="stmt" count="18"/>
        <line num="82" type="stmt" count="18"/>
        <line num="83" type="stmt" count="18"/>
        <line num="86" type="method" name="passwordPower" visibility="public" complexity="1" crap="1" count="18"/>
        <line num="88" type="stmt" count="18"/>
        <line num="89" type="stmt" count="18"/>
        <line num="90" type="stmt" count="18"/>
        <line num="93" type="method" name="isExpiredSoon" visibility="public" complexity="3" crap="3" count="18"/>
        <line num="95" type="stmt" count="18"/>
        <line num="96" type="stmt" count="18"/>
        <line num="97" type="stmt" count="18"/>
        <line num="100" type="method" name="lastUsedAtFormatted" visibility="public" complexity="2" crap="2" count="17"/>
        <line num="102" type="stmt" count="17"/>
        <line num="103" type="stmt" count="17"/>
        <line num="104" type="stmt" count="17"/>
        <line num="107" type="method" name="expiresAtFormatted" visibility="public" complexity="2" crap="2" count="17"/>
        <line num="109" type="stmt" count="17"/>
        <line num="110" type="stmt" count="17"/>
        <line num="111" type="stmt" count="17"/>
        <line num="114" type="method" name="password" visibility="public" complexity="8" crap="8" count="39"/>
        <line num="116" type="stmt" count="39"/>
        <line num="117" type="stmt" count="39"/>
        <line num="119" type="stmt" count="38"/>
        <line num="120" type="stmt" count="9"/>
        <line num="124" type="stmt" count="29"/>
        <line num="126" type="stmt" count="2"/>
        <line num="127" type="stmt" count="1"/>
        <line num="130" type="stmt" count="1"/>
        <line num="134" type="stmt" count="27"/>
        <line num="135" type="stmt" count="27"/>
        <line num="138" type="stmt" count="27"/>
        <line num="139" type="stmt" count="2"/>
        <line num="143" type="stmt" count="25"/>
        <line num="145" type="stmt" count="25"/>
        <line num="146" type="stmt" count="1"/>
        <line num="147" type="stmt" count="1"/>
        <line num="148" type="stmt" count="1"/>
        <line num="149" type="stmt" count="1"/>
        <line num="150" type="stmt" count="1"/>
        <line num="151" type="stmt" count="1"/>
        <line num="153" type="stmt" count="39"/>
        <line num="154" type="stmt" count="39"/>
        <line num="157" type="method" name="scopeExpiresSoon" visibility="public" complexity="1" crap="1" count="2"/>
        <line num="159" type="stmt" count="2"/>
        <line num="160" type="stmt" count="2"/>
        <line num="161" type="stmt" count="2"/>
        <line num="164" type="method" name="scopeWhereExpired" visibility="public" complexity="1" crap="1" count="1"/>
        <line num="166" type="stmt" count="1"/>
        <line num="167" type="stmt" count="1"/>
        <line num="170" type="method" name="scopeSortByLastUsed" visibility="public" complexity="1" crap="1" count="2"/>
        <line num="172" type="stmt" count="2"/>
        <line num="173" type="stmt" count="2"/>
        <line num="176" type="method" name="scopeSortByCopied" visibility="public" complexity="1" crap="1" count="2"/>
        <line num="178" type="stmt" count="2"/>
        <line num="181" type="method" name="scopeFilterByType" visibility="public" complexity="1" crap="1" count="2"/>
        <line num="183" type="stmt" count="2"/>
        <line num="186" type="method" name="scopeFilterByFolder" visibility="public" complexity="2" crap="2" count="2"/>
        <line num="188" type="stmt" count="2"/>
        <line num="189" type="stmt" count="1"/>
        <line num="192" type="stmt" count="2"/>
        <line num="195" type="method" name="scopeFilterByExpiry" visibility="public" complexity="5" crap="5.03" count="10"/>
        <line num="198" type="stmt" count="10"/>
        <line num="199" type="stmt" count="4"/>
        <line num="203" type="stmt" count="8"/>
        <line num="204" type="stmt" count="7"/>
        <line num="205" type="stmt" count="7"/>
        <line num="209" type="stmt" count="5"/>
        <line num="210" type="stmt" count="5"/>
        <line num="211" type="stmt" count="5"/>
        <line num="212" type="stmt" count="5"/>
        <line num="215" type="stmt" count="0"/>
        <metrics loc="218" ncloc="207" classes="1" methods="18" coveredmethods="16" conditionals="0" coveredconditionals="0" statements="66" coveredstatements="64" elements="84" coveredelements="80"/>
      </file>
      <file name="/Users/masoud/Sites/lifehub/app/Models/PasswordAuditLog.php">
        <class name="App\Models\PasswordAuditLog" namespace="App\Models">
          <metrics complexity="22" methods="9" coveredmethods="9" conditionals="0" coveredconditionals="0" statements="37" coveredstatements="37" elements="46" coveredelements="46"/>
        </class>
        <line num="58" type="method" name="password" visibility="public" complexity="1" crap="1" count="44"/>
        <line num="60" type="stmt" count="44"/>
        <line num="66" type="method" name="user" visibility="public" complexity="1" crap="1" count="3"/>
        <line num="68" type="stmt" count="3"/>
        <line num="74" type="method" name="scopeForPasswordsOwnedBy" visibility="public" complexity="1" crap="1" count="31"/>
        <line num="76" type="stmt" count="31"/>
        <line num="77" type="stmt" count="31"/>
        <line num="78" type="stmt" count="31"/>
        <line num="84" type="method" name="scopeWithAction" visibility="public" complexity="1" crap="1" count="5"/>
        <line num="86" type="stmt" count="5"/>
        <line num="92" type="method" name="scopeForPassword" visibility="public" complexity="1" crap="1" count="5"/>
        <line num="94" type="stmt" count="5"/>
        <line num="100" type="method" name="scopeInDateRange" visibility="public" complexity="3" crap="3" count="10"/>
        <line num="102" type="stmt" count="10"/>
        <line num="103" type="stmt" count="7"/>
        <line num="106" type="stmt" count="10"/>
        <line num="107" type="stmt" count="6"/>
        <line num="110" type="stmt" count="10"/>
        <line num="116" type="method" name="createdAtFormatted" visibility="public" complexity="1" crap="1" count="10"/>
        <line num="118" type="stmt" count="10"/>
        <line num="119" type="stmt" count="10"/>
        <line num="120" type="stmt" count="10"/>
        <line num="126" type="method" name="actionDisplay" visibility="public" complexity="10" crap="10" count="10"/>
        <line num="128" type="stmt" count="10"/>
        <line num="129" type="stmt" count="10"/>
        <line num="130" type="stmt" count="3"/>
        <line num="131" type="stmt" count="2"/>
        <line num="132" type="stmt" count="5"/>
        <line num="133" type="stmt" count="4"/>
        <line num="134" type="stmt" count="4"/>
        <line num="135" type="stmt" count="2"/>
        <line num="136" type="stmt" count="4"/>
        <line num="137" type="stmt" count="2"/>
        <line num="138" type="stmt" count="10"/>
        <line num="140" type="stmt" count="10"/>
        <line num="146" type="method" name="maskedPasswordName" visibility="public" complexity="3" crap="3" count="12"/>
        <line num="148" type="stmt" count="12"/>
        <line num="149" type="stmt" count="12"/>
        <line num="150" type="stmt" count="12"/>
        <line num="153" type="stmt" count="12"/>
        <line num="154" type="stmt" count="1"/>
        <line num="158" type="stmt" count="11"/>
        <line num="159" type="stmt" count="10"/>
        <line num="162" type="stmt" count="1"/>
        <line num="163" type="stmt" count="12"/>
        <line num="164" type="stmt" count="12"/>
        <metrics loc="167" ncloc="123" classes="1" methods="9" coveredmethods="9" conditionals="0" coveredconditionals="0" statements="37" coveredstatements="37" elements="46" coveredelements="46"/>
      </file>
      <file name="/Users/masoud/Sites/lifehub/app/Models/User.php">
        <class name="App\Models\User" namespace="App\Models">
          <metrics complexity="3" methods="3" coveredmethods="3" conditionals="0" coveredconditionals="0" statements="6" coveredstatements="6" elements="9" coveredelements="9"/>
        </class>
        <line num="41" type="method" name="casts" visibility="protected" complexity="1" crap="1" count="440"/>
        <line num="43" type="stmt" count="440"/>
        <line num="44" type="stmt" count="440"/>
        <line num="45" type="stmt" count="440"/>
        <line num="46" type="stmt" count="440"/>
        <line num="52" type="method" name="folders" visibility="public" complexity="1" crap="1" count="28"/>
        <line num="54" type="stmt" count="28"/>
        <line num="60" type="method" name="passwords" visibility="public" complexity="1" crap="1" count="13"/>
        <line num="62" type="stmt" count="13"/>
        <metrics loc="65" ncloc="42" classes="1" methods="3" coveredmethods="3" conditionals="0" coveredconditionals="0" statements="6" coveredstatements="6" elements="9" coveredelements="9"/>
      </file>
    </package>
    <package name="App\Policies">
      <file name="/Users/masoud/Sites/lifehub/app/Policies/FolderPolicy.php">
        <class name="App\Policies\FolderPolicy" namespace="App\Policies">
          <metrics complexity="7" methods="7" coveredmethods="7" conditionals="0" coveredconditionals="0" statements="7" coveredstatements="7" elements="14" coveredelements="14"/>
        </class>
        <line num="13" type="method" name="viewAny" visibility="public" complexity="1" crap="1" count="1"/>
        <line num="15" type="stmt" count="1"/>
        <line num="21" type="method" name="view" visibility="public" complexity="1" crap="1" count="3"/>
        <line num="23" type="stmt" count="3"/>
        <line num="29" type="method" name="create" visibility="public" complexity="1" crap="1" count="6"/>
        <line num="31" type="stmt" count="6"/>
        <line num="37" type="method" name="update" visibility="public" complexity="1" crap="1" count="7"/>
        <line num="39" type="stmt" count="7"/>
        <line num="45" type="method" name="delete" visibility="public" complexity="1" crap="1" count="5"/>
        <line num="47" type="stmt" count="5"/>
        <line num="53" type="method" name="restore" visibility="public" complexity="1" crap="1" count="2"/>
        <line num="55" type="stmt" count="2"/>
        <line num="61" type="method" name="forceDelete" visibility="public" complexity="1" crap="1" count="2"/>
        <line num="63" type="stmt" count="2"/>
        <metrics loc="66" ncloc="45" classes="1" methods="7" coveredmethods="7" conditionals="0" coveredconditionals="0" statements="7" coveredstatements="7" elements="14" coveredelements="14"/>
      </file>
      <file name="/Users/masoud/Sites/lifehub/app/Policies/PasswordAuditLogPolicy.php">
        <class name="App\Policies\PasswordAuditLogPolicy" namespace="App\Policies">
          <metrics complexity="3" methods="2" coveredmethods="2" conditionals="0" coveredconditionals="0" statements="2" coveredstatements="2" elements="4" coveredelements="4"/>
        </class>
        <line num="13" type="method" name="viewAny" visibility="public" complexity="1" crap="1" count="17"/>
        <line num="16" type="stmt" count="17"/>
        <line num="22" type="method" name="view" visibility="public" complexity="2" crap="2" count="9"/>
        <line num="25" type="stmt" count="9"/>
        <metrics loc="28" ncloc="20" classes="1" methods="2" coveredmethods="2" conditionals="0" coveredconditionals="0" statements="2" coveredstatements="2" elements="4" coveredelements="4"/>
      </file>
      <file name="/Users/masoud/Sites/lifehub/app/Policies/PasswordPolicy.php">
        <class name="App\Policies\PasswordPolicy" namespace="App\Policies">
          <metrics complexity="7" methods="7" coveredmethods="7" conditionals="0" coveredconditionals="0" statements="7" coveredstatements="7" elements="14" coveredelements="14"/>
        </class>
        <line num="13" type="method" name="viewAny" visibility="public" complexity="1" crap="1" count="8"/>
        <line num="15" type="stmt" count="8"/>
        <line num="21" type="method" name="view" visibility="public" complexity="1" crap="1" count="9"/>
        <line num="23" type="stmt" count="9"/>
        <line num="29" type="method" name="create" visibility="public" complexity="1" crap="1" count="6"/>
        <line num="31" type="stmt" count="6"/>
        <line num="37" type="method" name="update" visibility="public" complexity="1" crap="1" count="9"/>
        <line num="39" type="stmt" count="9"/>
        <line num="45" type="method" name="delete" visibility="public" complexity="1" crap="1" count="8"/>
        <line num="47" type="stmt" count="8"/>
        <line num="53" type="method" name="restore" visibility="public" complexity="1" crap="1" count="2"/>
        <line num="55" type="stmt" count="2"/>
        <line num="61" type="method" name="forceDelete" visibility="public" complexity="1" crap="1" count="2"/>
        <line num="63" type="stmt" count="2"/>
        <metrics loc="66" ncloc="45" classes="1" methods="7" coveredmethods="7" conditionals="0" coveredconditionals="0" statements="7" coveredstatements="7" elements="14" coveredelements="14"/>
      </file>
    </package>
    <package name="App\Providers">
      <file name="/Users/masoud/Sites/lifehub/app/Providers/AppServiceProvider.php">
        <class name="App\Providers\AppServiceProvider" namespace="App\Providers">
          <metrics complexity="2" methods="2" coveredmethods="2" conditionals="0" coveredconditionals="0" statements="2" coveredstatements="2" elements="4" coveredelements="4"/>
        </class>
        <line num="12" type="method" name="register" visibility="public" complexity="1" crap="1" count="508"/>
        <line num="15" type="stmt" count="508"/>
        <line num="20" type="method" name="boot" visibility="public" complexity="1" crap="1" count="508"/>
        <line num="23" type="stmt" count="508"/>
        <metrics loc="25" ncloc="17" classes="1" methods="2" coveredmethods="2" conditionals="0" coveredconditionals="0" statements="2" coveredstatements="2" elements="4" coveredelements="4"/>
      </file>
    </package>
    <package name="App\Services">
      <file name="/Users/masoud/Sites/lifehub/app/Services/AuditLogQueryService.php">
        <class name="App\Services\AuditLogQueryService" namespace="App\Services">
          <metrics complexity="11" methods="5" coveredmethods="5" conditionals="0" coveredconditionals="0" statements="46" coveredstatements="46" elements="51" coveredelements="51"/>
        </class>
        <line num="17" type="method" name="getFilteredAuditLogs" visibility="public" complexity="2" crap="2" count="29"/>
        <line num="23" type="stmt" count="29"/>
        <line num="24" type="stmt" count="29"/>
        <line num="25" type="stmt" count="29"/>
        <line num="26" type="stmt" count="29"/>
        <line num="28" type="stmt" count="29"/>
        <line num="30" type="stmt" count="29"/>
        <line num="31" type="stmt" count="12"/>
        <line num="34" type="stmt" count="17"/>
        <line num="40" type="method" name="applyFilters" visibility="private" complexity="6" crap="6" count="29"/>
        <line num="43" type="stmt" count="29"/>
        <line num="44" type="stmt" count="3"/>
        <line num="48" type="stmt" count="29"/>
        <line num="49" type="stmt" count="3"/>
        <line num="53" type="stmt" count="29"/>
        <line num="54" type="stmt" count="5"/>
        <line num="58" type="stmt" count="29"/>
        <line num="59" type="stmt" count="6"/>
        <line num="60" type="stmt" count="6"/>
        <line num="61" type="stmt" count="6"/>
        <line num="62" type="stmt" count="6"/>
        <line num="63" type="stmt" count="6"/>
        <line num="64" type="stmt" count="6"/>
        <line num="65" type="stmt" count="6"/>
        <line num="66" type="stmt" count="6"/>
        <line num="67" type="stmt" count="6"/>
        <line num="74" type="method" name="getFilterArray" visibility="public" complexity="1" crap="1" count="11"/>
        <line num="76" type="stmt" count="11"/>
        <line num="82" type="method" name="getAvailableActions" visibility="public" complexity="1" crap="1" count="12"/>
        <line num="84" type="stmt" count="12"/>
        <line num="85" type="stmt" count="12"/>
        <line num="86" type="stmt" count="12"/>
        <line num="87" type="stmt" count="12"/>
        <line num="88" type="stmt" count="12"/>
        <line num="89" type="stmt" count="12"/>
        <line num="90" type="stmt" count="12"/>
        <line num="91" type="stmt" count="12"/>
        <line num="92" type="stmt" count="12"/>
        <line num="93" type="stmt" count="12"/>
        <line num="99" type="method" name="getUserPasswordsForFilter" visibility="public" complexity="1" crap="1" count="13"/>
        <line num="101" type="stmt" count="13"/>
        <line num="102" type="stmt" count="13"/>
        <line num="103" type="stmt" count="13"/>
        <line num="104" type="stmt" count="13"/>
        <line num="105" type="stmt" count="13"/>
        <line num="106" type="stmt" count="11"/>
        <line num="107" type="stmt" count="11"/>
        <line num="108" type="stmt" count="11"/>
        <line num="109" type="stmt" count="11"/>
        <line num="110" type="stmt" count="13"/>
        <line num="111" type="stmt" count="13"/>
        <metrics loc="114" ncloc="95" classes="1" methods="5" coveredmethods="5" conditionals="0" coveredconditionals="0" statements="46" coveredstatements="46" elements="51" coveredelements="51"/>
      </file>
      <file name="/Users/masoud/Sites/lifehub/app/Services/AuditLogService.php">
        <class name="App\Services\AuditLogService" namespace="App\Services">
          <metrics complexity="7" methods="3" coveredmethods="2" conditionals="0" coveredconditionals="0" statements="27" coveredstatements="26" elements="30" coveredelements="28"/>
        </class>
        <line num="15" type="method" name="logPasswordAction" visibility="public" complexity="1" crap="1" count="41"/>
        <line num="22" type="stmt" count="41"/>
        <line num="23" type="stmt" count="41"/>
        <line num="24" type="stmt" count="41"/>
        <line num="25" type="stmt" count="41"/>
        <line num="26" type="stmt" count="41"/>
        <line num="27" type="stmt" count="41"/>
        <line num="28" type="stmt" count="41"/>
        <line num="29" type="stmt" count="41"/>
        <line num="30" type="stmt" count="41"/>
        <line num="36" type="method" name="logBulkPasswordAction" visibility="public" complexity="2" crap="2" count="32"/>
        <line num="43" type="stmt" count="32"/>
        <line num="45" type="stmt" count="32"/>
        <line num="46" type="stmt" count="31"/>
        <line num="47" type="stmt" count="31"/>
        <line num="48" type="stmt" count="31"/>
        <line num="49" type="stmt" count="31"/>
        <line num="50" type="stmt" count="31"/>
        <line num="51" type="stmt" count="31"/>
        <line num="52" type="stmt" count="31"/>
        <line num="53" type="stmt" count="31"/>
        <line num="54" type="stmt" count="31"/>
        <line num="61" type="method" name="determineContext" visibility="private" complexity="4" crap="4.05" count="73"/>
        <line num="63" type="stmt" count="73"/>
        <line num="64" type="stmt" count="8"/>
        <line num="68" type="stmt" count="65"/>
        <line num="69" type="stmt" count="1"/>
        <line num="73" type="stmt" count="64"/>
        <line num="74" type="stmt" count="64"/>
        <line num="77" type="stmt" count="0"/>
        <metrics loc="80" ncloc="69" classes="1" methods="3" coveredmethods="2" conditionals="0" coveredconditionals="0" statements="27" coveredstatements="26" elements="30" coveredelements="28"/>
      </file>
      <file name="/Users/masoud/Sites/lifehub/app/Services/EnvelopeEncryptionService.php">
        <class name="App\Services\EnvelopeEncryptionService" namespace="App\Services">
          <metrics complexity="10" methods="7" coveredmethods="7" conditionals="0" coveredconditionals="0" statements="32" coveredstatements="32" elements="39" coveredelements="39"/>
        </class>
        <line num="14" type="method" name="getCurrentKeyVersion" visibility="public" complexity="1" crap="1" count="266"/>
        <line num="16" type="stmt" count="266"/>
        <line num="22" type="method" name="getMasterKey" visibility="protected" complexity="3" crap="3" count="270"/>
        <line num="24" type="stmt" count="270"/>
        <line num="26" type="stmt" count="270"/>
        <line num="27" type="stmt" count="1"/>
        <line num="31" type="stmt" count="269"/>
        <line num="34" type="stmt" count="269"/>
        <line num="35" type="stmt" count="1"/>
        <line num="38" type="stmt" count="268"/>
        <line num="44" type="method" name="generateDataKey" visibility="protected" complexity="1" crap="1" count="268"/>
        <line num="46" type="stmt" count="268"/>
        <line num="56" type="method" name="encrypt" visibility="public" complexity="1" crap="1" count="270"/>
        <line num="58" type="stmt" count="270"/>
        <line num="59" type="stmt" count="270"/>
        <line num="62" type="stmt" count="268"/>
        <line num="65" type="stmt" count="268"/>
        <line num="66" type="stmt" count="268"/>
        <line num="69" type="stmt" count="268"/>
        <line num="70" type="stmt" count="268"/>
        <line num="72" type="stmt" count="268"/>
        <line num="73" type="stmt" count="268"/>
        <line num="74" type="stmt" count="268"/>
        <line num="75" type="stmt" count="268"/>
        <line num="76" type="stmt" count="268"/>
        <line num="87" type="method" name="decrypt" visibility="public" complexity="1" crap="1" count="33"/>
        <line num="89" type="stmt" count="33"/>
        <line num="92" type="stmt" count="33"/>
        <line num="93" type="stmt" count="33"/>
        <line num="94" type="stmt" count="31"/>
        <line num="97" type="stmt" count="31"/>
        <line num="99" type="stmt" count="31"/>
        <line num="111" type="method" name="reEncrypt" visibility="public" complexity="1" crap="1" count="6"/>
        <line num="114" type="stmt" count="6"/>
        <line num="117" type="stmt" count="5"/>
        <line num="126" type="method" name="generateTestKey" visibility="public" complexity="2" crap="2" count="87"/>
        <line num="128" type="stmt" count="87"/>
        <line num="130" type="stmt" count="87"/>
        <line num="134" type="stmt" count="1"/>
        <metrics loc="137" ncloc="86" classes="1" methods="7" coveredmethods="7" conditionals="0" coveredconditionals="0" statements="32" coveredstatements="32" elements="39" coveredelements="39"/>
      </file>
      <file name="/Users/masoud/Sites/lifehub/app/Services/FolderService.php">
        <class name="App\Services\FolderService" namespace="App\Services">
          <metrics complexity="20" methods="7" coveredmethods="7" conditionals="0" coveredconditionals="0" statements="34" coveredstatements="34" elements="41" coveredelements="41"/>
        </class>
        <line num="13" type="method" name="createFolder" visibility="public" complexity="1" crap="1" count="3"/>
        <line num="15" type="stmt" count="3"/>
        <line num="21" type="method" name="updateFolder" visibility="public" complexity="1" crap="1" count="2"/>
        <line num="23" type="stmt" count="2"/>
        <line num="25" type="stmt" count="2"/>
        <line num="31" type="method" name="deleteFolder" visibility="public" complexity="1" crap="1" count="2"/>
        <line num="33" type="stmt" count="2"/>
        <line num="39" type="method" name="bulkUpdateFolders" visibility="public" complexity="2" crap="2" count="3"/>
        <line num="42" type="stmt" count="3"/>
        <line num="44" type="stmt" count="3"/>
        <line num="45" type="stmt" count="1"/>
        <line num="49" type="stmt" count="2"/>
        <line num="50" type="stmt" count="2"/>
        <line num="51" type="stmt" count="2"/>
        <line num="57" type="method" name="bulkDeleteFolders" visibility="public" complexity="2" crap="2" count="3"/>
        <line num="60" type="stmt" count="3"/>
        <line num="62" type="stmt" count="3"/>
        <line num="63" type="stmt" count="1"/>
        <line num="67" type="stmt" count="2"/>
        <line num="68" type="stmt" count="2"/>
        <line num="69" type="stmt" count="2"/>
        <line num="77" type="method" name="getFolders" visibility="public" complexity="3" crap="3" count="19"/>
        <line num="79" type="stmt" count="19"/>
        <line num="82" type="stmt" count="19"/>
        <line num="83" type="stmt" count="5"/>
        <line num="87" type="stmt" count="14"/>
        <line num="93" type="method" name="buildFoldersQuery" visibility="protected" complexity="10" crap="10" count="19"/>
        <line num="95" type="stmt" count="19"/>
        <line num="98" type="stmt" count="19"/>
        <line num="99" type="stmt" count="3"/>
        <line num="103" type="stmt" count="19"/>
        <line num="104" type="stmt" count="4"/>
        <line num="105" type="stmt" count="3"/>
        <line num="106" type="stmt" count="1"/>
        <line num="107" type="stmt" count="1"/>
        <line num="112" type="stmt" count="19"/>
        <line num="113" type="stmt" count="3"/>
        <line num="114" type="stmt" count="3"/>
        <line num="116" type="stmt" count="3"/>
        <line num="117" type="stmt" count="3"/>
        <line num="121" type="stmt" count="19"/>
        <metrics loc="124" ncloc="92" classes="1" methods="7" coveredmethods="7" conditionals="0" coveredconditionals="0" statements="34" coveredstatements="34" elements="41" coveredelements="41"/>
      </file>
      <file name="/Users/masoud/Sites/lifehub/app/Services/PasswordQueryService.php">
        <class name="App\Services\PasswordQueryService" namespace="App\Services">
          <metrics complexity="11" methods="4" coveredmethods="4" conditionals="0" coveredconditionals="0" statements="33" coveredstatements="33" elements="37" coveredelements="37"/>
        </class>
        <line num="12" type="method" name="getFilteredPasswords" visibility="public" complexity="2" crap="2" count="9"/>
        <line num="18" type="stmt" count="9"/>
        <line num="19" type="stmt" count="9"/>
        <line num="20" type="stmt" count="9"/>
        <line num="22" type="stmt" count="9"/>
        <line num="23" type="stmt" count="9"/>
        <line num="25" type="stmt" count="9"/>
        <line num="26" type="stmt" count="7"/>
        <line num="27" type="stmt" count="9"/>
        <line num="30" type="method" name="applyFilters" visibility="protected" complexity="7" crap="7" count="9"/>
        <line num="33" type="stmt" count="9"/>
        <line num="34" type="stmt" count="1"/>
        <line num="38" type="stmt" count="9"/>
        <line num="39" type="stmt" count="2"/>
        <line num="43" type="stmt" count="9"/>
        <line num="44" type="stmt" count="5"/>
        <line num="48" type="stmt" count="9"/>
        <line num="49" type="stmt" count="3"/>
        <line num="50" type="stmt" count="3"/>
        <line num="51" type="stmt" count="3"/>
        <line num="52" type="stmt" count="3"/>
        <line num="53" type="stmt" count="3"/>
        <line num="54" type="stmt" count="3"/>
        <line num="55" type="stmt" count="3"/>
        <line num="59" type="method" name="applySorting" visibility="protected" complexity="1" crap="1" count="9"/>
        <line num="61" type="stmt" count="9"/>
        <line num="62" type="stmt" count="9"/>
        <line num="64" type="stmt" count="9"/>
        <line num="67" type="method" name="getFilterArray" visibility="public" complexity="1" crap="1" count="8"/>
        <line num="69" type="stmt" count="8"/>
        <line num="70" type="stmt" count="8"/>
        <line num="71" type="stmt" count="8"/>
        <line num="72" type="stmt" count="8"/>
        <line num="73" type="stmt" count="8"/>
        <line num="74" type="stmt" count="8"/>
        <line num="75" type="stmt" count="8"/>
        <line num="76" type="stmt" count="8"/>
        <metrics loc="79" ncloc="75" classes="1" methods="4" coveredmethods="4" conditionals="0" coveredconditionals="0" statements="33" coveredstatements="33" elements="37" coveredelements="37"/>
      </file>
      <file name="/Users/masoud/Sites/lifehub/app/Services/PasswordService.php">
        <class name="App\Services\PasswordService" namespace="App\Services">
          <metrics complexity="21" methods="12" coveredmethods="12" conditionals="0" coveredconditionals="0" statements="93" coveredstatements="93" elements="105" coveredelements="105"/>
        </class>
        <line num="11" type="method" name="__construct" visibility="public" complexity="1" crap="1" count="96"/>
        <line num="14" type="stmt" count="96"/>
        <line num="16" type="method" name="createPassword" visibility="public" complexity="2" crap="2" count="19"/>
        <line num="18" type="stmt" count="19"/>
        <line num="19" type="stmt" count="16"/>
        <line num="22" type="stmt" count="16"/>
        <line num="23" type="stmt" count="16"/>
        <line num="26" type="stmt" count="16"/>
        <line num="29" type="stmt" count="16"/>
        <line num="30" type="stmt" count="16"/>
        <line num="31" type="stmt" count="16"/>
        <line num="32" type="stmt" count="16"/>
        <line num="33" type="stmt" count="16"/>
        <line num="34" type="stmt" count="16"/>
        <line num="36" type="stmt" count="16"/>
        <line num="39" type="method" name="updatePassword" visibility="public" complexity="2" crap="2" count="5"/>
        <line num="41" type="stmt" count="5"/>
        <line num="44" type="stmt" count="5"/>
        <line num="45" type="stmt" count="5"/>
        <line num="48" type="stmt" count="5"/>
        <line num="51" type="stmt" count="5"/>
        <line num="52" type="stmt" count="5"/>
        <line num="53" type="stmt" count="5"/>
        <line num="54" type="stmt" count="5"/>
        <line num="55" type="stmt" count="5"/>
        <line num="56" type="stmt" count="5"/>
        <line num="58" type="stmt" count="5"/>
        <line num="61" type="method" name="prepareData" visibility="protected" complexity="7" crap="7" count="24"/>
        <line num="63" type="stmt" count="24"/>
        <line num="64" type="stmt" count="12"/>
        <line num="65" type="stmt" count="8"/>
        <line num="66" type="stmt" count="8"/>
        <line num="68" type="stmt" count="4"/>
        <line num="69" type="stmt" count="4"/>
        <line num="70" type="stmt" count="2"/>
        <line num="73" type="stmt" count="4"/>
        <line num="74" type="stmt" count="3"/>
        <line num="77" type="stmt" count="4"/>
        <line num="78" type="stmt" count="3"/>
        <line num="83" type="stmt" count="21"/>
        <line num="85" type="stmt" count="21"/>
        <line num="88" type="method" name="extractUsernameFromCli" visibility="protected" complexity="1" crap="1" count="8"/>
        <line num="90" type="stmt" count="8"/>
        <line num="93" type="method" name="extractUrlFromCli" visibility="protected" complexity="1" crap="1" count="8"/>
        <line num="95" type="stmt" count="8"/>
        <line num="98" type="method" name="encryptPassword" visibility="protected" complexity="2" crap="2" count="21"/>
        <line num="100" type="stmt" count="21"/>
        <line num="101" type="stmt" count="2"/>
        <line num="104" type="stmt" count="19"/>
        <line num="106" type="stmt" count="19"/>
        <line num="107" type="stmt" count="19"/>
        <line num="108" type="stmt" count="19"/>
        <line num="110" type="stmt" count="19"/>
        <line num="113" type="method" name="copy" visibility="public" complexity="1" crap="1" count="6"/>
        <line num="115" type="stmt" count="6"/>
        <line num="118" type="stmt" count="6"/>
        <line num="119" type="stmt" count="6"/>
        <line num="120" type="stmt" count="6"/>
        <line num="121" type="stmt" count="6"/>
        <line num="122" type="stmt" count="6"/>
        <line num="123" type="stmt" count="6"/>
        <line num="125" type="stmt" count="6"/>
        <line num="128" type="method" name="delete" visibility="public" complexity="1" crap="1" count="4"/>
        <line num="131" type="stmt" count="4"/>
        <line num="132" type="stmt" count="4"/>
        <line num="133" type="stmt" count="4"/>
        <line num="134" type="stmt" count="4"/>
        <line num="135" type="stmt" count="4"/>
        <line num="136" type="stmt" count="4"/>
        <line num="138" type="stmt" count="4"/>
        <line num="141" type="method" name="destroyBulk" visibility="public" complexity="1" crap="1" count="12"/>
        <line num="143" type="stmt" count="12"/>
        <line num="145" type="stmt" count="12"/>
        <line num="148" type="stmt" count="10"/>
        <line num="149" type="stmt" count="10"/>
        <line num="150" type="stmt" count="10"/>
        <line num="151" type="stmt" count="10"/>
        <line num="152" type="stmt" count="10"/>
        <line num="153" type="stmt" count="10"/>
        <line num="155" type="stmt" count="10"/>
        <line num="158" type="method" name="moveToFolder" visibility="public" complexity="1" crap="1" count="12"/>
        <line num="160" type="stmt" count="12"/>
        <line num="162" type="stmt" count="12"/>
        <line num="164" type="stmt" count="11"/>
        <line num="165" type="stmt" count="11"/>
        <line num="166" type="stmt" count="11"/>
        <line num="169" type="stmt" count="11"/>
        <line num="170" type="stmt" count="11"/>
        <line num="171" type="stmt" count="11"/>
        <line num="172" type="stmt" count="11"/>
        <line num="173" type="stmt" count="11"/>
        <line num="174" type="stmt" count="11"/>
        <line num="175" type="stmt" count="11"/>
        <line num="178" type="method" name="removeFromFolder" visibility="public" complexity="1" crap="1" count="8"/>
        <line num="180" type="stmt" count="8"/>
        <line num="182" type="stmt" count="8"/>
        <line num="184" type="stmt" count="7"/>
        <line num="185" type="stmt" count="7"/>
        <line num="186" type="stmt" count="7"/>
        <line num="189" type="stmt" count="7"/>
        <line num="190" type="stmt" count="7"/>
        <line num="191" type="stmt" count="7"/>
        <line num="192" type="stmt" count="7"/>
        <line num="193" type="stmt" count="7"/>
        <line num="194" type="stmt" count="7"/>
        <metrics loc="197" ncloc="188" classes="1" methods="12" coveredmethods="12" conditionals="0" coveredconditionals="0" statements="93" coveredstatements="93" elements="105" coveredelements="105"/>
      </file>
      <file name="/Users/masoud/Sites/lifehub/app/Services/PasswordStrengthCalculator.php">
        <class name="App\Services\PasswordStrengthCalculator" namespace="App\Services">
          <metrics complexity="23" methods="1" coveredmethods="0" conditionals="0" coveredconditionals="0" statements="84" coveredstatements="83" elements="85" coveredelements="83"/>
        </class>
        <line num="19" type="method" name="calculateStrength" visibility="public" complexity="23" crap="23" count="32"/>
        <line num="21" type="stmt" count="32"/>
        <line num="22" type="stmt" count="32"/>
        <line num="25" type="stmt" count="32"/>
        <line num="26" type="stmt" count="32"/>
        <line num="27" type="stmt" count="21"/>
        <line num="28" type="stmt" count="18"/>
        <line num="29" type="stmt" count="4"/>
        <line num="30" type="stmt" count="15"/>
        <line num="31" type="stmt" count="1"/>
        <line num="33" type="stmt" count="14"/>
        <line num="37" type="stmt" count="32"/>
        <line num="38" type="stmt" count="12"/>
        <line num="40" type="stmt" count="32"/>
        <line num="41" type="stmt" count="8"/>
        <line num="45" type="stmt" count="32"/>
        <line num="46" type="stmt" count="32"/>
        <line num="47" type="stmt" count="32"/>
        <line num="48" type="stmt" count="32"/>
        <line num="50" type="stmt" count="32"/>
        <line num="53" type="stmt" count="32"/>
        <line num="54" type="stmt" count="15"/>
        <line num="55" type="stmt" count="15"/>
        <line num="56" type="stmt" count="23"/>
        <line num="57" type="stmt" count="4"/>
        <line num="58" type="stmt" count="4"/>
        <line num="59" type="stmt" count="21"/>
        <line num="60" type="stmt" count="7"/>
        <line num="61" type="stmt" count="7"/>
        <line num="62" type="stmt" count="19"/>
        <line num="63" type="stmt" count="10"/>
        <line num="64" type="stmt" count="10"/>
        <line num="65" type="stmt" count="10"/>
        <line num="69" type="stmt" count="32"/>
        <line num="70" type="stmt" count="12"/>
        <line num="72" type="stmt" count="32"/>
        <line num="73" type="stmt" count="20"/>
        <line num="75" type="stmt" count="32"/>
        <line num="76" type="stmt" count="19"/>
        <line num="78" type="stmt" count="32"/>
        <line num="79" type="stmt" count="22"/>
        <line num="83" type="stmt" count="32"/>
        <line num="84" type="stmt" count="32"/>
        <line num="86" type="stmt" count="1"/>
        <line num="89" type="stmt" count="32"/>
        <line num="90" type="stmt" count="23"/>
        <line num="92" type="stmt" count="13"/>
        <line num="96" type="stmt" count="32"/>
        <line num="97" type="stmt" count="6"/>
        <line num="98" type="stmt" count="6"/>
        <line num="102" type="stmt" count="32"/>
        <line num="103" type="stmt" count="32"/>
        <line num="104" type="stmt" count="32"/>
        <line num="105" type="stmt" count="32"/>
        <line num="106" type="stmt" count="32"/>
        <line num="107" type="stmt" count="32"/>
        <line num="108" type="stmt" count="32"/>
        <line num="109" type="stmt" count="32"/>
        <line num="110" type="stmt" count="32"/>
        <line num="111" type="stmt" count="32"/>
        <line num="112" type="stmt" count="32"/>
        <line num="113" type="stmt" count="32"/>
        <line num="115" type="stmt" count="32"/>
        <line num="116" type="stmt" count="5"/>
        <line num="117" type="stmt" count="5"/>
        <line num="121" type="stmt" count="32"/>
        <line num="124" type="stmt" count="32"/>
        <line num="125" type="stmt" count="0"/>
        <line num="126" type="stmt" count="32"/>
        <line num="127" type="stmt" count="6"/>
        <line num="128" type="stmt" count="31"/>
        <line num="129" type="stmt" count="4"/>
        <line num="130" type="stmt" count="29"/>
        <line num="131" type="stmt" count="10"/>
        <line num="132" type="stmt" count="23"/>
        <line num="133" type="stmt" count="5"/>
        <line num="135" type="stmt" count="20"/>
        <line num="138" type="stmt" count="32"/>
        <line num="139" type="stmt" count="32"/>
        <line num="140" type="stmt" count="32"/>
        <line num="142" type="stmt" count="32"/>
        <line num="143" type="stmt" count="32"/>
        <line num="144" type="stmt" count="32"/>
        <line num="145" type="stmt" count="32"/>
        <line num="146" type="stmt" count="32"/>
        <metrics loc="149" ncloc="131" classes="1" methods="1" coveredmethods="0" conditionals="0" coveredconditionals="0" statements="84" coveredstatements="83" elements="85" coveredelements="83"/>
      </file>
    </package>
    <package name="App\Utils">
      <file name="/Users/masoud/Sites/lifehub/app/Utils/MarkdownFaker.php">
        <class name="App\Utils\MarkdownFaker" namespace="App\Utils">
          <metrics complexity="8" methods="2" coveredmethods="2" conditionals="0" coveredconditionals="0" statements="22" coveredstatements="22" elements="24" coveredelements="24"/>
        </class>
        <line num="7" type="method" name="generate" visibility="public" complexity="4" crap="4" count="17"/>
        <line num="9" type="stmt" count="17"/>
        <line num="12" type="stmt" count="17"/>
        <line num="15" type="stmt" count="17"/>
        <line num="16" type="stmt" count="16"/>
        <line num="17" type="stmt" count="10"/>
        <line num="20" type="stmt" count="16"/>
        <line num="23" type="stmt" count="16"/>
        <line num="24" type="stmt" count="14"/>
        <line num="27" type="stmt" count="16"/>
        <line num="30" type="stmt" count="17"/>
        <line num="33" type="method" name="addRandomFormatting" visibility="private" complexity="4" crap="4" count="14"/>
        <line num="35" type="stmt" count="14"/>
        <line num="36" type="stmt" count="14"/>
        <line num="39" type="stmt" count="14"/>
        <line num="40" type="stmt" count="10"/>
        <line num="41" type="stmt" count="10"/>
        <line num="45" type="stmt" count="14"/>
        <line num="46" type="stmt" count="9"/>
        <line num="47" type="stmt" count="9"/>
        <line num="51" type="stmt" count="14"/>
        <line num="52" type="stmt" count="2"/>
        <line num="53" type="stmt" count="2"/>
        <line num="56" type="stmt" count="14"/>
        <metrics loc="59" ncloc="53" classes="1" methods="2" coveredmethods="2" conditionals="0" coveredconditionals="0" statements="22" coveredstatements="22" elements="24" coveredelements="24"/>
      </file>
    </package>
    <file name="/Users/masoud/Sites/lifehub/app/Utils/functions.php">
      <line num="7" type="stmt" count="30"/>
      <line num="8" type="stmt" count="30"/>
      <line num="9" type="stmt" count="9"/>
      <line num="10" type="stmt" count="22"/>
      <line num="11" type="stmt" count="3"/>
      <line num="14" type="stmt" count="30"/>
      <line num="15" type="stmt" count="30"/>
      <line num="16" type="stmt" count="30"/>
      <line num="17" type="stmt" count="30"/>
      <line num="20" type="stmt" count="30"/>
      <line num="21" type="stmt" count="15"/>
      <line num="25" type="stmt" count="30"/>
      <line num="26" type="stmt" count="4"/>
      <line num="29" type="stmt" count="30"/>
      <metrics loc="32" ncloc="29" classes="0" methods="0" coveredmethods="0" conditionals="0" coveredconditionals="0" statements="14" coveredstatements="14" elements="14" coveredelements="14"/>
    </file>
    <metrics files="50" loc="3318" ncloc="2733" classes="48" methods="180" coveredmethods="176" conditionals="0" coveredconditionals="0" statements="1011" coveredstatements="1007" elements="1191" coveredelements="1183"/>
  </project>
</coverage>
